<?xml version="1.0" encoding="UTF-8"?>
<!-- Generated by org.testng.reporters.JUnitXMLReporter -->
<testsuite ignored="0" hostname="DESKTOP-QQFNKE1" failures="0" tests="9" name="Smoke2Test" time="89.022" errors="0" timestamp="2024-10-15T07:20:46 IST">
  <testcase classname="com.Hrms.tests.TestPIMPage" name="addEmployee" time="18.15"/>
  <testcase classname="com.Hrms.tests.TestPIMPage" name="addEmployeePhotos" time="0.0"/>
  <testcase classname="com.Hrms.tests.TestPIMPage" name="deleteEmployee" time="39.274"/>
  <testcase classname="com.Hrms.tests.TestPIMPage" name="editEmployeeDetails" time="0.0"/>
  <testcase classname="com.Hrms.tests.TestPIMPage" name="editEmploymentStatus" time="0.0"/>
  <testcase classname="com.Hrms.tests.TestPIMPage" name="filterEmployeeList" time="0.0"/>
  <testcase classname="com.Hrms.tests.TestPIMPage" name="searchEmployee" time="27.182"/>
  <testcase classname="com.Hrms.tests.TestPIMPage" name="viewEmployeeDetails" time="0.0"/>
  <testcase classname="com.Hrms.tests.TestPIMPage" name="viewEmployeeList" time="0.002"/>
</testsuite> <!-- Smoke2Test -->
