<?xml version="1.0" encoding="UTF-8"?>
<!-- Generated by org.testng.reporters.JUnitXMLReporter -->
<testsuite ignored="8" hostname="DESKTOP-QQFNKE1" failures="0" tests="1" name="Smoke1Test" time="36.548" errors="0" timestamp="2024-10-09T23:13:52 IST">
  <testcase classname="com.Hrms.tests.TestPIMPage" name="deleteEmployee" time="32.618"/>
  <testcase classname="com.Hrms.tests.TestPIMPage" name="editEmployeeDetails" time="0.0">
    <ignored/>
  </testcase> <!-- editEmployeeDetails -->
  <testcase classname="com.Hrms.tests.TestPIMPage" name="addEmployeePhotos" time="0.0">
    <ignored/>
  </testcase> <!-- addEmployeePhotos -->
  <testcase classname="com.Hrms.tests.TestPIMPage" name="editEmploymentStatus" time="0.0">
    <ignored/>
  </testcase> <!-- editEmploymentStatus -->
  <testcase classname="com.Hrms.tests.TestPIMPage" name="viewEmployeeList" time="0.0">
    <ignored/>
  </testcase> <!-- viewEmployeeList -->
  <testcase classname="com.Hrms.tests.TestPIMPage" name="filterEmployeeList" time="0.0">
    <ignored/>
  </testcase> <!-- filterEmployeeList -->
  <testcase classname="com.Hrms.tests.TestPIMPage" name="viewEmployeeDetails" time="0.0">
    <ignored/>
  </testcase> <!-- viewEmployeeDetails -->
  <testcase classname="com.Hrms.tests.TestPIMPage" name="addEmployee" time="0.0">
    <ignored/>
  </testcase> <!-- addEmployee -->
  <testcase classname="com.Hrms.tests.TestPIMPage" name="searchEmployee" time="0.0">
    <ignored/>
  </testcase> <!-- searchEmployee -->
</testsuite> <!-- Smoke1Test -->
