<?xml version="1.0" encoding="UTF-8"?>
<testng-results ignored="8" total="9" passed="1" failed="0" skipped="0">
  <reporter-output>
  </reporter-output>
  <suite started-at="2024-10-04T14:09:20 IST" name="Suite" finished-at="2024-10-04T14:09:25 IST" duration-ms="5167">
    <groups>
    </groups>
    <test started-at="2024-10-04T14:09:20 IST" name="Smoke1Test" finished-at="2024-10-04T14:09:25 IST" duration-ms="5167">
      <class name="com.Hrms.tests.TestPIMPage">
        <test-method is-config="true" signature="setup()[pri:0, instance:com.Hrms.tests.TestPIMPage@17f62e33]" started-at="2024-10-04T14:09:20 IST" name="setup" finished-at="2024-10-04T14:09:25 IST" duration-ms="5135" status="PASS">
          <reporter-output>
          </reporter-output>
        </test-method> <!-- setup -->
        <test-method signature="editEmploymentStatus()[pri:0, instance:com.Hrms.tests.TestPIMPage@17f62e33]" started-at="2024-10-04T14:09:25 IST" name="editEmploymentStatus" description="Verify that the employment status of an employee can be updated" finished-at="2024-10-04T14:09:25 IST" duration-ms="4" status="PASS">
          <reporter-output>
          </reporter-output>
        </test-method> <!-- editEmploymentStatus -->
        <test-method is-config="true" signature="close()[pri:0, instance:com.Hrms.tests.TestPIMPage@17f62e33]" started-at="2024-10-04T14:09:25 IST" name="close" finished-at="2024-10-04T14:09:25 IST" duration-ms="1" status="PASS">
          <reporter-output>
          </reporter-output>
        </test-method> <!-- close -->
      </class> <!-- com.Hrms.tests.TestPIMPage -->
    </test> <!-- Smoke1Test -->
  </suite> <!-- Suite -->
</testng-results>
